[INFO] Scanning for projects...
[INFO] 
[INFO] ------------------------< com.example:finance >-------------------------
[INFO] Building finance 1.0.0
[INFO]   from pom.xml
[INFO] --------------------------------[ jar ]---------------------------------
[INFO] 
[INFO] >>> spring-boot:3.5.14:run (default-cli) > test-compile @ finance >>>
[INFO] 
[INFO] --- jacoco:0.8.12:prepare-agent (default) @ finance ---
[INFO] argLine set to -javaagent:C:\\Users\\Administrator\\.m2\\repository\\org\\jacoco\\org.jacoco.agent\\0.8.12\\org.jacoco.agent-0.8.12-runtime.jar=destfile=C:\\Users\\Administrator\\Desktop\\Question-12---Personal-Financial-Accounting-and-Analysis-System-main\\system\\backend\\target\\jacoco.exec
[INFO] 
[INFO] --- resources:3.3.1:resources (default-resources) @ finance ---
[INFO] Copying 2 resources from src\main\resources to target\classes
[INFO] Copying 1 resource from src\main\resources to target\classes
[INFO] 
[INFO] --- compiler:3.14.1:compile (default-compile) @ finance ---
[INFO] Nothing to compile - all classes are up to date.
[INFO] 
[INFO] --- resources:3.3.1:testResources (default-testResources) @ finance ---
[INFO] skip non existing resourceDirectory C:\Users\Administrator\Desktop\Question-12---Personal-Financial-Accounting-and-Analysis-System-main\system\backend\src\test\resources
[INFO] 
[INFO] --- compiler:3.14.1:testCompile (default-testCompile) @ finance ---
[INFO] Nothing to compile - all classes are up to date.
[INFO] 
[INFO] <<< spring-boot:3.5.14:run (default-cli) < test-compile @ finance <<<
[INFO] 
[INFO] 
[INFO] --- spring-boot:3.5.14:run (default-cli) @ finance ---
[INFO] Attaching agents: []
Standard Commons Logging discovery in action with spring-jcl: please remove commons-logging.jar from classpath in order to avoid potential conflicts

  .   ____          _            __ _ _
 /\\ / ___'_ __ _ _(_)_ __  __ _ \ \ \ \
( ( )\___ | '_ | '_| | '_ \/ _` | \ \ \ \
 \\/  ___)| |_)| | | | | || (_| |  ) ) ) )
  '  |____| .__|_| |_|_| |_\__, | / / / /
 =========|_|==============|___/=/_/_/_/

 :: Spring Boot ::               (v3.5.14)

2026-05-23T21:06:19.296+08:00  INFO 9152 --- [           main] com.example.finance.Application          : Starting Application using Java 26.0.1 with PID 9152 (C:\Users\Administrator\Desktop\Question-12---Personal-Financial-Accounting-and-Analysis-System-main\system\backend\target\classes started by Administrator in C:\Users\Administrator\Desktop\Question-12---Personal-Financial-Accounting-and-Analysis-System-main\system\backend)
2026-05-23T21:06:19.297+08:00  INFO 9152 --- [           main] com.example.finance.Application          : No active profile set, falling back to 1 default profile: "default"
2026-05-23T21:06:20.038+08:00  INFO 9152 --- [           main] o.s.b.w.embedded.tomcat.TomcatWebServer  : Tomcat initialized with port 8080 (http)
2026-05-23T21:06:20.047+08:00  INFO 9152 --- [           main] o.apache.catalina.core.StandardService   : Starting service [Tomcat]
2026-05-23T21:06:20.047+08:00  INFO 9152 --- [           main] o.apache.catalina.core.StandardEngine    : Starting Servlet engine: [Apache Tomcat/10.1.54]
2026-05-23T21:06:20.080+08:00  INFO 9152 --- [           main] o.a.c.c.C.[Tomcat].[localhost].[/]       : Initializing Spring embedded WebApplicationContext
2026-05-23T21:06:20.080+08:00  INFO 9152 --- [           main] w.s.c.ServletWebServerApplicationContext : Root WebApplicationContext: initialization completed in 752 ms
Standard Commons Logging discovery in action with spring-jcl: please remove commons-logging.jar from classpath in order to avoid potential conflicts
2026-05-23T21:06:20.087+08:00  WARN 9152 --- [           main] com.example.finance.config.CorsConfig    : ⚠️ 检测到 CORS allowedOrigins 包含 localhost（当前 profile=dev），开发环境允许使用但生产环境必须替换！
Logging initialized using 'class org.apache.ibatis.logging.stdout.StdOutImpl' adapter.
Get /10.16.138.58 network interface 
Get network interface info: name:wireless_32768 (Intel(R) Wi-Fi 6E AX211 160MHz)
Initialization Sequence datacenterId:2 workerId:7
 _ _   |_  _ _|_. ___ _ |    _ 
| | |\/|_)(_| | |_\  |_)||_|_\ 
     /               |         
                        3.5.15 
2026-05-23T21:06:20.356+08:00  WARN 9152 --- [           main] c.e.finance.config.DataSourceConfig      : ⚠️ 检测到数据库使用默认凭证(root/root)（当前 profile=dev），开发环境允许使用但生产环境必须替换！请设置 DB_USERNAME / DB_PASSWORD 环境变量
2026-05-23T21:06:20.359+08:00  WARN 9152 --- [           main] com.example.finance.config.JwtConfig     : ⚠️ 检测到 JWT 默认占位密钥（当前 profile=dev），开发环境允许使用但生产环境必须替换！请设置 JWT_SECRET 环境变量
2026-05-23T21:06:20.692+08:00  INFO 9152 --- [           main] m.e.s.MybatisPlusApplicationContextAware : Register ApplicationContext instances org.springframework.boot.web.servlet.context.AnnotationConfigServletWebServerApplicationContext@5f354bcf
2026-05-23T21:06:20.792+08:00  INFO 9152 --- [           main] o.s.b.w.embedded.tomcat.TomcatWebServer  : Tomcat started on port 8080 (http) with context path '/'
2026-05-23T21:06:20.800+08:00  INFO 9152 --- [           main] com.example.finance.Application          : Started Application in 1.78 seconds (process running for 1.96)
2026-05-23T21:06:20.954+08:00  INFO 9152 --- [nio-8080-exec-1] o.a.c.c.C.[Tomcat].[localhost].[/]       : Initializing Spring DispatcherServlet 'dispatcherServlet'
2026-05-23T21:06:20.954+08:00  INFO 9152 --- [nio-8080-exec-1] o.s.web.servlet.DispatcherServlet        : Initializing Servlet 'dispatcherServlet'
2026-05-23T21:06:20.955+08:00  INFO 9152 --- [nio-8080-exec-1] o.s.web.servlet.DispatcherServlet        : Completed initialization in 1 ms
